<?xml version="1.0" encoding="UTF-8"?>
<testsuite name="com.org.cust.CustomerServiceApplicationTests" tests="1" skipped="0" failures="0" errors="0" timestamp="2024-10-16T00:22:21" hostname="TXM096861A" time="0.482">
  <properties/>
  <testcase name="contextLoads()" classname="com.org.cust.CustomerServiceApplicationTests" time="0.482"/>
  <system-out><![CDATA[07:22:19.521 [Test worker] INFO org.springframework.test.context.support.AnnotationConfigContextLoaderUtils -- Could not detect default configuration classes for test class [com.org.cust.CustomerServiceApplicationTests]: CustomerServiceApplicationTests does not declare any static, non-private, non-final, nested classes annotated with @Configuration.
07:22:19.588 [Test worker] INFO org.springframework.boot.test.context.SpringBootTestContextBootstrapper -- Found @SpringBootConfiguration com.org.cust.CustomerServiceApplication for test class com.org.cust.CustomerServiceApplicationTests

  .   ____          _            __ _ _
 /\\ / ___'_ __ _ _(_)_ __  __ _ \ \ \ \
( ( )\___ | '_ | '_| | '_ \/ _` | \ \ \ \
 \\/  ___)| |_)| | | | | || (_| |  ) ) ) )
  '  |____| .__|_| |_|_| |_\__, | / / / /
 =========|_|==============|___/=/_/_/_/

 :: Spring Boot ::                (v3.3.4)

2024-10-16T07:22:19.834+07:00  INFO 54502 --- [customer-service] [    Test worker] c.o.c.CustomerServiceApplicationTests    : Starting CustomerServiceApplicationTests using Java 21.0.3 with PID 54502 (started by anupong.khawnakha in /Users/anupong.khawnakha/test-app/customer-service)
2024-10-16T07:22:19.835+07:00  INFO 54502 --- [customer-service] [    Test worker] c.o.c.CustomerServiceApplicationTests    : No active profile set, falling back to 1 default profile: "default"
2024-10-16T07:22:20.239+07:00  INFO 54502 --- [customer-service] [    Test worker] .s.d.r.c.RepositoryConfigurationDelegate : Bootstrapping Spring Data JPA repositories in DEFAULT mode.
2024-10-16T07:22:20.280+07:00  INFO 54502 --- [customer-service] [    Test worker] .s.d.r.c.RepositoryConfigurationDelegate : Finished Spring Data repository scanning in 36 ms. Found 1 JPA repository interface.
2024-10-16T07:22:20.565+07:00  INFO 54502 --- [customer-service] [    Test worker] o.hibernate.jpa.internal.util.LogHelper  : HHH000204: Processing PersistenceUnitInfo [name: default]
2024-10-16T07:22:20.588+07:00  INFO 54502 --- [customer-service] [    Test worker] org.hibernate.Version                    : HHH000412: Hibernate ORM core version 6.5.3.Final
2024-10-16T07:22:20.607+07:00  INFO 54502 --- [customer-service] [    Test worker] o.h.c.internal.RegionFactoryInitiator    : HHH000026: Second-level cache disabled
2024-10-16T07:22:20.789+07:00  INFO 54502 --- [customer-service] [    Test worker] o.s.o.j.p.SpringPersistenceUnitInfo      : No LoadTimeWeaver setup: ignoring JPA class transformer
2024-10-16T07:22:20.805+07:00  INFO 54502 --- [customer-service] [    Test worker] com.zaxxer.hikari.HikariDataSource       : HikariPool-1 - Starting...
2024-10-16T07:22:20.895+07:00  INFO 54502 --- [customer-service] [    Test worker] com.zaxxer.hikari.pool.HikariPool        : HikariPool-1 - Added connection conn0: url=jdbc:h2:mem:testdb user=SA
2024-10-16T07:22:20.897+07:00  INFO 54502 --- [customer-service] [    Test worker] com.zaxxer.hikari.HikariDataSource       : HikariPool-1 - Start completed.
2024-10-16T07:22:20.910+07:00  WARN 54502 --- [customer-service] [    Test worker] org.hibernate.orm.deprecation            : HHH90000025: H2Dialect does not need to be specified explicitly using 'hibernate.dialect' (remove the property setting and it will be selected by default)
2024-10-16T07:22:21.349+07:00  INFO 54502 --- [customer-service] [    Test worker] o.h.e.t.j.p.i.JtaPlatformInitiator       : HHH000489: No JTA platform available (set 'hibernate.transaction.jta.platform' to enable JTA platform integration)
2024-10-16T07:22:21.388+07:00  INFO 54502 --- [customer-service] [    Test worker] j.LocalContainerEntityManagerFactoryBean : Initialized JPA EntityManagerFactory for persistence unit 'default'
2024-10-16T07:22:21.598+07:00  WARN 54502 --- [customer-service] [    Test worker] JpaBaseConfiguration$JpaWebConfiguration : spring.jpa.open-in-view is enabled by default. Therefore, database queries may be performed during view rendering. Explicitly configure spring.jpa.open-in-view to disable this warning
2024-10-16T07:22:21.795+07:00  INFO 54502 --- [customer-service] [    Test worker] o.s.b.a.h2.H2ConsoleAutoConfiguration    : H2 console available at '/h2-console'. Database available at 'jdbc:h2:mem:testdb'
2024-10-16T07:22:21.827+07:00  WARN 54502 --- [customer-service] [    Test worker] .s.s.UserDetailsServiceAutoConfiguration : 

Using generated security password: b5251370-2220-4358-9a00-113ba269474d

This generated password is for development use only. Your security configuration must be updated before running your application in production.

2024-10-16T07:22:21.852+07:00  INFO 54502 --- [customer-service] [    Test worker] r$InitializeUserDetailsManagerConfigurer : Global AuthenticationManager configured with UserDetailsService bean with name inMemoryUserDetailsManager
2024-10-16T07:22:21.952+07:00  INFO 54502 --- [customer-service] [    Test worker] c.o.c.CustomerServiceApplicationTests    : Started CustomerServiceApplicationTests in 2.27 seconds (process running for 3.064)
]]></system-out>
  <system-err><![CDATA[WARNING: A Java agent has been loaded dynamically (/Users/anupong.khawnakha/.gradle/caches/modules-2/files-2.1/net.bytebuddy/byte-buddy-agent/1.14.19/154da3a65b4f4a909d3e5bdec55d1b2b4cbb6ce1/byte-buddy-agent-1.14.19.jar)
WARNING: If a serviceability tool is in use, please run with -XX:+EnableDynamicAgentLoading to hide this warning
WARNING: If a serviceability tool is not in use, please run with -Djdk.instrument.traceUsage for more information
WARNING: Dynamic loading of agents will be disallowed by default in a future release
]]></system-err>
</testsuite>
